0 info it worked if it ends with ok
1 verbose cli [ 'node', '/usr/local/bin/npm', 'run', 'build_common' ]
2 info using npm@2.1.8
3 info using node@v0.10.33
4 verbose node symlink /usr/local/bin/node
5 verbose run-script [ 'prebuild_common', 'build_common', 'postbuild_common' ]
6 info prebuild_common browserify-pipe-issue@0.0.1
7 info build_common browserify-pipe-issue@0.0.1
8 verbose unsafe-perm in lifecycle true
9 info browserify-pipe-issue@0.0.1 Failed to exec build_common script
10 verbose stack Error: browserify-pipe-issue@0.0.1 build_common: `cat common.js | browserify -r ./robot.js - > built/common.js`
10 verbose stack Exit status 1
10 verbose stack     at EventEmitter.<anonymous> (/usr/local/lib/node_modules/npm/lib/utils/lifecycle.js:212:16)
10 verbose stack     at EventEmitter.emit (events.js:98:17)
10 verbose stack     at ChildProcess.<anonymous> (/usr/local/lib/node_modules/npm/lib/utils/spawn.js:14:12)
10 verbose stack     at ChildProcess.emit (events.js:98:17)
10 verbose stack     at maybeClose (child_process.js:756:16)
10 verbose stack     at Process.ChildProcess._handle.onexit (child_process.js:823:5)
11 verbose pkgid browserify-pipe-issue@0.0.1
12 verbose cwd /Users/cvig/dev/teespring/browserify-pipe-issue/lib
13 error Darwin 14.0.0
14 error argv "node" "/usr/local/bin/npm" "run" "build_common"
15 error node v0.10.33
16 error npm  v2.1.8
17 error code ELIFECYCLE
18 error browserify-pipe-issue@0.0.1 build_common: `cat common.js | browserify -r ./robot.js - > built/common.js`
18 error Exit status 1
19 error Failed at the browserify-pipe-issue@0.0.1 build_common script 'cat common.js | browserify -r ./robot.js - > built/common.js'.
19 error This is most likely a problem with the browserify-pipe-issue package,
19 error not with npm itself.
19 error Tell the author that this fails on your system:
19 error     cat common.js | browserify -r ./robot.js - > built/common.js
19 error You can get their info via:
19 error     npm owner ls browserify-pipe-issue
19 error There is likely additional logging output above.
20 verbose exit [ 1, true ]
